<?xml version="1.0" encoding="UTF-8"?>
<testsuite xmlns:xsi="http://www.w3.org/2001/XMLSchema-instance" xsi:noNamespaceSchemaLocation="https://maven.apache.org/surefire/maven-surefire-plugin/xsd/surefire-test-report-3.0.xsd" version="3.0" name="TestSuite" time="30.035" tests="2" errors="0" skipped="0" failures="0">
  <properties>
    <property name="gopherProxySet" value="false"/>
    <property name="awt.toolkit" value="sun.lwawt.macosx.LWCToolkit"/>
    <property name="file.encoding.pkg" value="sun.io"/>
    <property name="java.specification.version" value="1.8"/>
    <property name="webdriver.chrome.driver" value="/Users/mohammedhossain/.cache/selenium/chromedriver/mac64/101.0.4951.41/chromedriver"/>
    <property name="sun.cpu.isalist" value=""/>
    <property name="sun.jnu.encoding" value="UTF-8"/>
    <property name="java.class.path" value="/Users/mohammedhossain/Documents/java new/java workspace/HomeSearch/target/test-classes:/Users/mohammedhossain/Documents/java new/java workspace/HomeSearch/target/classes:/Users/mohammedhossain/.m2/repository/org/seleniumhq/selenium/selenium-java/3.141.59/selenium-java-3.141.59.jar:/Users/mohammedhossain/.m2/repository/org/seleniumhq/selenium/selenium-api/3.141.59/selenium-api-3.141.59.jar:/Users/mohammedhossain/.m2/repository/org/seleniumhq/selenium/selenium-chrome-driver/3.141.59/selenium-chrome-driver-3.141.59.jar:/Users/mohammedhossain/.m2/repository/org/seleniumhq/selenium/selenium-edge-driver/3.141.59/selenium-edge-driver-3.141.59.jar:/Users/mohammedhossain/.m2/repository/org/seleniumhq/selenium/selenium-firefox-driver/3.141.59/selenium-firefox-driver-3.141.59.jar:/Users/mohammedhossain/.m2/repository/org/seleniumhq/selenium/selenium-ie-driver/3.141.59/selenium-ie-driver-3.141.59.jar:/Users/mohammedhossain/.m2/repository/org/seleniumhq/selenium/selenium-opera-driver/3.141.59/selenium-opera-driver-3.141.59.jar:/Users/mohammedhossain/.m2/repository/org/seleniumhq/selenium/selenium-remote-driver/3.141.59/selenium-remote-driver-3.141.59.jar:/Users/mohammedhossain/.m2/repository/org/seleniumhq/selenium/selenium-safari-driver/3.141.59/selenium-safari-driver-3.141.59.jar:/Users/mohammedhossain/.m2/repository/org/seleniumhq/selenium/selenium-support/3.141.59/selenium-support-3.141.59.jar:/Users/mohammedhossain/.m2/repository/net/bytebuddy/byte-buddy/1.8.15/byte-buddy-1.8.15.jar:/Users/mohammedhossain/.m2/repository/org/apache/commons/commons-exec/1.3/commons-exec-1.3.jar:/Users/mohammedhossain/.m2/repository/com/google/guava/guava/25.0-jre/guava-25.0-jre.jar:/Users/mohammedhossain/.m2/repository/com/google/code/findbugs/jsr305/1.3.9/jsr305-1.3.9.jar:/Users/mohammedhossain/.m2/repository/org/checkerframework/checker-compat-qual/2.0.0/checker-compat-qual-2.0.0.jar:/Users/mohammedhossain/.m2/repository/com/google/errorprone/error_prone_annotations/2.1.3/error_prone_annotations-2.1.3.jar:/Users/mohammedhossain/.m2/repository/com/google/j2objc/j2objc-annotations/1.1/j2objc-annotations-1.1.jar:/Users/mohammedhossain/.m2/repository/org/codehaus/mojo/animal-sniffer-annotations/1.14/animal-sniffer-annotations-1.14.jar:/Users/mohammedhossain/.m2/repository/com/squareup/okhttp3/okhttp/3.11.0/okhttp-3.11.0.jar:/Users/mohammedhossain/.m2/repository/com/squareup/okio/okio/1.14.0/okio-1.14.0.jar:/Users/mohammedhossain/.m2/repository/org/testng/testng/7.4.0/testng-7.4.0.jar:/Users/mohammedhossain/.m2/repository/com/beust/jcommander/1.78/jcommander-1.78.jar:/Users/mohammedhossain/.m2/repository/org/webjars/jquery/3.5.1/jquery-3.5.1.jar:/Users/mohammedhossain/.m2/repository/io/cucumber/cucumber-java/7.2.3/cucumber-java-7.2.3.jar:/Users/mohammedhossain/.m2/repository/io/cucumber/cucumber-core/7.2.3/cucumber-core-7.2.3.jar:/Users/mohammedhossain/.m2/repository/io/cucumber/cucumber-gherkin/7.2.3/cucumber-gherkin-7.2.3.jar:/Users/mohammedhossain/.m2/repository/io/cucumber/cucumber-gherkin-messages/7.2.3/cucumber-gherkin-messages-7.2.3.jar:/Users/mohammedhossain/.m2/repository/io/cucumber/messages/17.1.1/messages-17.1.1.jar:/Users/mohammedhossain/.m2/repository/io/cucumber/tag-expressions/4.1.0/tag-expressions-4.1.0.jar:/Users/mohammedhossain/.m2/repository/io/cucumber/cucumber-expressions/15.0.1/cucumber-expressions-15.0.1.jar:/Users/mohammedhossain/.m2/repository/io/cucumber/datatable/7.2.3/datatable-7.2.3.jar:/Users/mohammedhossain/.m2/repository/io/cucumber/cucumber-plugin/7.2.3/cucumber-plugin-7.2.3.jar:/Users/mohammedhossain/.m2/repository/io/cucumber/docstring/7.2.3/docstring-7.2.3.jar:/Users/mohammedhossain/.m2/repository/io/cucumber/html-formatter/17.0.0/html-formatter-17.0.0.jar:/Users/mohammedhossain/.m2/repository/io/cucumber/ci-environment/8.1.0/ci-environment-8.1.0.jar:/Users/mohammedhossain/.m2/repository/org/apiguardian/apiguardian-api/1.1.2/apiguardian-api-1.1.2.jar:/Users/mohammedhossain/.m2/repository/io/cucumber/cucumber-testng/7.2.3/cucumber-testng-7.2.3.jar:/Users/mohammedhossain/.m2/repository/io/github/bonigarcia/webdrivermanager/5.0.3/webdrivermanager-5.0.3.jar:/Users/mohammedhossain/.m2/repository/org/slf4j/slf4j-api/1.7.32/slf4j-api-1.7.32.jar:/Users/mohammedhossain/.m2/repository/com/google/code/gson/gson/2.8.8/gson-2.8.8.jar:/Users/mohammedhossain/.m2/repository/org/jsoup/jsoup/1.14.2/jsoup-1.14.2.jar:/Users/mohammedhossain/.m2/repository/com/github/docker-java/docker-java/3.2.12/docker-java-3.2.12.jar:/Users/mohammedhossain/.m2/repository/com/github/docker-java/docker-java-core/3.2.12/docker-java-core-3.2.12.jar:/Users/mohammedhossain/.m2/repository/com/github/docker-java/docker-java-api/3.2.12/docker-java-api-3.2.12.jar:/Users/mohammedhossain/.m2/repository/com/fasterxml/jackson/core/jackson-annotations/2.10.3/jackson-annotations-2.10.3.jar:/Users/mohammedhossain/.m2/repository/commons-io/commons-io/2.6/commons-io-2.6.jar:/Users/mohammedhossain/.m2/repository/org/apache/commons/commons-compress/1.21/commons-compress-1.21.jar:/Users/mohammedhossain/.m2/repository/commons-lang/commons-lang/2.6/commons-lang-2.6.jar:/Users/mohammedhossain/.m2/repository/com/fasterxml/jackson/core/jackson-databind/2.10.3/jackson-databind-2.10.3.jar:/Users/mohammedhossain/.m2/repository/com/fasterxml/jackson/core/jackson-core/2.10.3/jackson-core-2.10.3.jar:/Users/mohammedhossain/.m2/repository/org/bouncycastle/bcpkix-jdk15on/1.64/bcpkix-jdk15on-1.64.jar:/Users/mohammedhossain/.m2/repository/org/bouncycastle/bcprov-jdk15on/1.64/bcprov-jdk15on-1.64.jar:/Users/mohammedhossain/.m2/repository/org/slf4j/jcl-over-slf4j/1.7.30/jcl-over-slf4j-1.7.30.jar:/Users/mohammedhossain/.m2/repository/com/github/docker-java/docker-java-transport-httpclient5/3.2.12/docker-java-transport-httpclient5-3.2.12.jar:/Users/mohammedhossain/.m2/repository/com/github/docker-java/docker-java-transport/3.2.12/docker-java-transport-3.2.12.jar:/Users/mohammedhossain/.m2/repository/org/apache/httpcomponents/client5/httpclient5/5.0.3/httpclient5-5.0.3.jar:/Users/mohammedhossain/.m2/repository/org/apache/httpcomponents/core5/httpcore5/5.0.2/httpcore5-5.0.2.jar:/Users/mohammedhossain/.m2/repository/commons-codec/commons-codec/1.13/commons-codec-1.13.jar:/Users/mohammedhossain/.m2/repository/net/java/dev/jna/jna/5.8.0/jna-5.8.0.jar:/Users/mohammedhossain/.m2/repository/org/brotli/dec/0.1.2/dec-0.1.2.jar:"/>
    <property name="java.vm.vendor" value="Oracle Corporation"/>
    <property name="sun.arch.data.model" value="64"/>
    <property name="java.vendor.url" value="http://java.oracle.com/"/>
    <property name="user.timezone" value="America/New_York"/>
    <property name="java.vm.specification.version" value="1.8"/>
    <property name="os.name" value="Mac OS X"/>
    <property name="user.country" value="US"/>
    <property name="sun.java.launcher" value="SUN_STANDARD"/>
    <property name="sun.boot.library.path" value="/Library/Internet Plug-Ins/JavaAppletPlugin.plugin/Contents/Home/lib"/>
    <property name="sun.java.command" value="/Users/mohammedhossain/Documents/java new/java workspace/HomeSearch/target/surefire/surefirebooter6648840449594495299.jar /Users/mohammedhossain/Documents/java new/java workspace/HomeSearch/target/surefire 2022-05-16T17-59-56_688-jvmRun1 surefire1987501640401928011tmp surefire_02444647306989281568tmp"/>
    <property name="http.nonProxyHosts" value="local|*.local|169.254/16|*.169.254/16"/>
    <property name="surefire.test.class.path" value="/Users/mohammedhossain/Documents/java new/java workspace/HomeSearch/target/test-classes:/Users/mohammedhossain/Documents/java new/java workspace/HomeSearch/target/classes:/Users/mohammedhossain/.m2/repository/org/seleniumhq/selenium/selenium-java/3.141.59/selenium-java-3.141.59.jar:/Users/mohammedhossain/.m2/repository/org/seleniumhq/selenium/selenium-api/3.141.59/selenium-api-3.141.59.jar:/Users/mohammedhossain/.m2/repository/org/seleniumhq/selenium/selenium-chrome-driver/3.141.59/selenium-chrome-driver-3.141.59.jar:/Users/mohammedhossain/.m2/repository/org/seleniumhq/selenium/selenium-edge-driver/3.141.59/selenium-edge-driver-3.141.59.jar:/Users/mohammedhossain/.m2/repository/org/seleniumhq/selenium/selenium-firefox-driver/3.141.59/selenium-firefox-driver-3.141.59.jar:/Users/mohammedhossain/.m2/repository/org/seleniumhq/selenium/selenium-ie-driver/3.141.59/selenium-ie-driver-3.141.59.jar:/Users/mohammedhossain/.m2/repository/org/seleniumhq/selenium/selenium-opera-driver/3.141.59/selenium-opera-driver-3.141.59.jar:/Users/mohammedhossain/.m2/repository/org/seleniumhq/selenium/selenium-remote-driver/3.141.59/selenium-remote-driver-3.141.59.jar:/Users/mohammedhossain/.m2/repository/org/seleniumhq/selenium/selenium-safari-driver/3.141.59/selenium-safari-driver-3.141.59.jar:/Users/mohammedhossain/.m2/repository/org/seleniumhq/selenium/selenium-support/3.141.59/selenium-support-3.141.59.jar:/Users/mohammedhossain/.m2/repository/net/bytebuddy/byte-buddy/1.8.15/byte-buddy-1.8.15.jar:/Users/mohammedhossain/.m2/repository/org/apache/commons/commons-exec/1.3/commons-exec-1.3.jar:/Users/mohammedhossain/.m2/repository/com/google/guava/guava/25.0-jre/guava-25.0-jre.jar:/Users/mohammedhossain/.m2/repository/com/google/code/findbugs/jsr305/1.3.9/jsr305-1.3.9.jar:/Users/mohammedhossain/.m2/repository/org/checkerframework/checker-compat-qual/2.0.0/checker-compat-qual-2.0.0.jar:/Users/mohammedhossain/.m2/repository/com/google/errorprone/error_prone_annotations/2.1.3/error_prone_annotations-2.1.3.jar:/Users/mohammedhossain/.m2/repository/com/google/j2objc/j2objc-annotations/1.1/j2objc-annotations-1.1.jar:/Users/mohammedhossain/.m2/repository/org/codehaus/mojo/animal-sniffer-annotations/1.14/animal-sniffer-annotations-1.14.jar:/Users/mohammedhossain/.m2/repository/com/squareup/okhttp3/okhttp/3.11.0/okhttp-3.11.0.jar:/Users/mohammedhossain/.m2/repository/com/squareup/okio/okio/1.14.0/okio-1.14.0.jar:/Users/mohammedhossain/.m2/repository/org/testng/testng/7.4.0/testng-7.4.0.jar:/Users/mohammedhossain/.m2/repository/com/beust/jcommander/1.78/jcommander-1.78.jar:/Users/mohammedhossain/.m2/repository/org/webjars/jquery/3.5.1/jquery-3.5.1.jar:/Users/mohammedhossain/.m2/repository/io/cucumber/cucumber-java/7.2.3/cucumber-java-7.2.3.jar:/Users/mohammedhossain/.m2/repository/io/cucumber/cucumber-core/7.2.3/cucumber-core-7.2.3.jar:/Users/mohammedhossain/.m2/repository/io/cucumber/cucumber-gherkin/7.2.3/cucumber-gherkin-7.2.3.jar:/Users/mohammedhossain/.m2/repository/io/cucumber/cucumber-gherkin-messages/7.2.3/cucumber-gherkin-messages-7.2.3.jar:/Users/mohammedhossain/.m2/repository/io/cucumber/messages/17.1.1/messages-17.1.1.jar:/Users/mohammedhossain/.m2/repository/io/cucumber/tag-expressions/4.1.0/tag-expressions-4.1.0.jar:/Users/mohammedhossain/.m2/repository/io/cucumber/cucumber-expressions/15.0.1/cucumber-expressions-15.0.1.jar:/Users/mohammedhossain/.m2/repository/io/cucumber/datatable/7.2.3/datatable-7.2.3.jar:/Users/mohammedhossain/.m2/repository/io/cucumber/cucumber-plugin/7.2.3/cucumber-plugin-7.2.3.jar:/Users/mohammedhossain/.m2/repository/io/cucumber/docstring/7.2.3/docstring-7.2.3.jar:/Users/mohammedhossain/.m2/repository/io/cucumber/html-formatter/17.0.0/html-formatter-17.0.0.jar:/Users/mohammedhossain/.m2/repository/io/cucumber/ci-environment/8.1.0/ci-environment-8.1.0.jar:/Users/mohammedhossain/.m2/repository/org/apiguardian/apiguardian-api/1.1.2/apiguardian-api-1.1.2.jar:/Users/mohammedhossain/.m2/repository/io/cucumber/cucumber-testng/7.2.3/cucumber-testng-7.2.3.jar:/Users/mohammedhossain/.m2/repository/io/github/bonigarcia/webdrivermanager/5.0.3/webdrivermanager-5.0.3.jar:/Users/mohammedhossain/.m2/repository/org/slf4j/slf4j-api/1.7.32/slf4j-api-1.7.32.jar:/Users/mohammedhossain/.m2/repository/com/google/code/gson/gson/2.8.8/gson-2.8.8.jar:/Users/mohammedhossain/.m2/repository/org/jsoup/jsoup/1.14.2/jsoup-1.14.2.jar:/Users/mohammedhossain/.m2/repository/com/github/docker-java/docker-java/3.2.12/docker-java-3.2.12.jar:/Users/mohammedhossain/.m2/repository/com/github/docker-java/docker-java-core/3.2.12/docker-java-core-3.2.12.jar:/Users/mohammedhossain/.m2/repository/com/github/docker-java/docker-java-api/3.2.12/docker-java-api-3.2.12.jar:/Users/mohammedhossain/.m2/repository/com/fasterxml/jackson/core/jackson-annotations/2.10.3/jackson-annotations-2.10.3.jar:/Users/mohammedhossain/.m2/repository/commons-io/commons-io/2.6/commons-io-2.6.jar:/Users/mohammedhossain/.m2/repository/org/apache/commons/commons-compress/1.21/commons-compress-1.21.jar:/Users/mohammedhossain/.m2/repository/commons-lang/commons-lang/2.6/commons-lang-2.6.jar:/Users/mohammedhossain/.m2/repository/com/fasterxml/jackson/core/jackson-databind/2.10.3/jackson-databind-2.10.3.jar:/Users/mohammedhossain/.m2/repository/com/fasterxml/jackson/core/jackson-core/2.10.3/jackson-core-2.10.3.jar:/Users/mohammedhossain/.m2/repository/org/bouncycastle/bcpkix-jdk15on/1.64/bcpkix-jdk15on-1.64.jar:/Users/mohammedhossain/.m2/repository/org/bouncycastle/bcprov-jdk15on/1.64/bcprov-jdk15on-1.64.jar:/Users/mohammedhossain/.m2/repository/org/slf4j/jcl-over-slf4j/1.7.30/jcl-over-slf4j-1.7.30.jar:/Users/mohammedhossain/.m2/repository/com/github/docker-java/docker-java-transport-httpclient5/3.2.12/docker-java-transport-httpclient5-3.2.12.jar:/Users/mohammedhossain/.m2/repository/com/github/docker-java/docker-java-transport/3.2.12/docker-java-transport-3.2.12.jar:/Users/mohammedhossain/.m2/repository/org/apache/httpcomponents/client5/httpclient5/5.0.3/httpclient5-5.0.3.jar:/Users/mohammedhossain/.m2/repository/org/apache/httpcomponents/core5/httpcore5/5.0.2/httpcore5-5.0.2.jar:/Users/mohammedhossain/.m2/repository/commons-codec/commons-codec/1.13/commons-codec-1.13.jar:/Users/mohammedhossain/.m2/repository/net/java/dev/jna/jna/5.8.0/jna-5.8.0.jar:/Users/mohammedhossain/.m2/repository/org/brotli/dec/0.1.2/dec-0.1.2.jar:"/>
    <property name="sun.cpu.endian" value="little"/>
    <property name="user.home" value="/Users/mohammedhossain"/>
    <property name="user.language" value="en"/>
    <property name="java.specification.vendor" value="Oracle Corporation"/>
    <property name="java.home" value="/Library/Internet Plug-Ins/JavaAppletPlugin.plugin/Contents/Home"/>
    <property name="basedir" value="/Users/mohammedhossain/Documents/java new/java workspace/HomeSearch"/>
    <property name="file.separator" value="/"/>
    <property name="line.separator" value="&#10;"/>
    <property name="java.vm.specification.vendor" value="Oracle Corporation"/>
    <property name="java.specification.name" value="Java Platform API Specification"/>
    <property name="java.awt.graphicsenv" value="sun.awt.CGraphicsEnvironment"/>
    <property name="surefire.real.class.path" value="/Users/mohammedhossain/Documents/java new/java workspace/HomeSearch/target/surefire/surefirebooter6648840449594495299.jar"/>
    <property name="sun.boot.class.path" value="/Library/Internet Plug-Ins/JavaAppletPlugin.plugin/Contents/Home/lib/resources.jar:/Library/Internet Plug-Ins/JavaAppletPlugin.plugin/Contents/Home/lib/rt.jar:/Library/Internet Plug-Ins/JavaAppletPlugin.plugin/Contents/Home/lib/sunrsasign.jar:/Library/Internet Plug-Ins/JavaAppletPlugin.plugin/Contents/Home/lib/jsse.jar:/Library/Internet Plug-Ins/JavaAppletPlugin.plugin/Contents/Home/lib/jce.jar:/Library/Internet Plug-Ins/JavaAppletPlugin.plugin/Contents/Home/lib/charsets.jar:/Library/Internet Plug-Ins/JavaAppletPlugin.plugin/Contents/Home/lib/jfr.jar:/Library/Internet Plug-Ins/JavaAppletPlugin.plugin/Contents/Home/classes"/>
    <property name="sun.management.compiler" value="HotSpot 64-Bit Tiered Compilers"/>
    <property name="ftp.nonProxyHosts" value="local|*.local|169.254/16|*.169.254/16"/>
    <property name="java.runtime.version" value="1.8.0_333-b02"/>
    <property name="user.name" value="mohammedhossain"/>
    <property name="path.separator" value=":"/>
    <property name="os.version" value="12.3.1"/>
    <property name="java.endorsed.dirs" value="/Library/Internet Plug-Ins/JavaAppletPlugin.plugin/Contents/Home/lib/endorsed"/>
    <property name="java.runtime.name" value="Java(TM) SE Runtime Environment"/>
    <property name="file.encoding" value="UTF-8"/>
    <property name="java.vm.name" value="Java HotSpot(TM) 64-Bit Server VM"/>
    <property name="localRepository" value="/Users/mohammedhossain/.m2/repository"/>
    <property name="java.vendor.url.bug" value="http://bugreport.sun.com/bugreport/"/>
    <property name="java.io.tmpdir" value="/var/folders/s5/bxg4czz52g127vzvq83hh6lc0000gn/T/"/>
    <property name="java.version" value="1.8.0_333"/>
    <property name="user.dir" value="/Users/mohammedhossain/Documents/java new/java workspace/HomeSearch"/>
    <property name="os.arch" value="x86_64"/>
    <property name="java.vm.specification.name" value="Java Virtual Machine Specification"/>
    <property name="java.awt.printerjob" value="sun.lwawt.macosx.CPrinterJob"/>
    <property name="sun.os.patch.level" value="unknown"/>
    <property name="java.library.path" value="/Users/mohammedhossain/Library/Java/Extensions:/Library/Java/Extensions:/Network/Library/Java/Extensions:/System/Library/Java/Extensions:/usr/lib/java:."/>
    <property name="java.vm.info" value="mixed mode"/>
    <property name="java.vendor" value="Oracle Corporation"/>
    <property name="java.vm.version" value="25.333-b02"/>
    <property name="java.ext.dirs" value="/Users/mohammedhossain/Library/Java/Extensions:/Library/Internet Plug-Ins/JavaAppletPlugin.plugin/Contents/Home/lib/ext:/Library/Java/Extensions:/Network/Library/Java/Extensions:/System/Library/Java/Extensions:/usr/lib/java"/>
    <property name="sun.io.unicode.encoding" value="UnicodeBig"/>
    <property name="java.class.version" value="52.0"/>
    <property name="socksNonProxyHosts" value="local|*.local|169.254/16|*.169.254/16"/>
  </properties>
  <testcase name="runScenario[&quot;simple search&quot;, &quot;Optional[google search]&quot;](1)" classname="com.Homework.runners.TestRunner" time="16.533">
    <system-err><![CDATA[SLF4J: Failed to load class "org.slf4j.impl.StaticLoggerBinder".
SLF4J: Defaulting to no-operation (NOP) logger implementation
SLF4J: See http://www.slf4j.org/codes.html#StaticLoggerBinder for further details.
Starting ChromeDriver 101.0.4951.41 (93c720db8323b3ec10d056025ab95c23a31997c9-refs/branch-heads/4951@{#904}) on port 18257
Only local connections are allowed.
Please see https://chromedriver.chromium.org/security-considerations for suggestions on keeping ChromeDriver safe.
ChromeDriver was started successfully.
May 16, 2022 6:00:04 PM org.openqa.selenium.remote.ProtocolHandshake createSession
INFO: Detected dialect: W3C
]]></system-err>
  </testcase>
  <testcase name="runScenario[&quot;simple search&quot;, &quot;Optional[google search]&quot;](2)" classname="com.Homework.runners.TestRunner" time="12.663">
    <system-err><![CDATA[Starting ChromeDriver 101.0.4951.41 (93c720db8323b3ec10d056025ab95c23a31997c9-refs/branch-heads/4951@{#904}) on port 44055
Only local connections are allowed.
Please see https://chromedriver.chromium.org/security-considerations for suggestions on keeping ChromeDriver safe.
ChromeDriver was started successfully.
May 16, 2022 6:00:16 PM org.openqa.selenium.remote.ProtocolHandshake createSession
INFO: Detected dialect: W3C
]]></system-err>
  </testcase>
</testsuite>