<?xml version="1.0" encoding="UTF-8"?>
<!-- Generated by org.testng.reporters.JUnitReportReporter -->
<testsuite skipped="0" hostname="Mohammeds-MacBook-Pro.local" name="com.Homework.runners.TestRunner" tests="2" failures="0" timestamp="2022-05-16T18:00:27 EDT" time="29.189" errors="0">
  <testcase name="runScenario" time="12.663" classname="com.Homework.runners.TestRunner"/>
  <system-out/>
  <testcase name="runScenario" time="16.526" classname="com.Homework.runners.TestRunner"/>
  <system-out/>
</testsuite> <!-- com.Homework.runners.TestRunner -->
